2018-07-06 11:20:49      Execution started.
2018-07-06 11:20:49      QlikView Desktop Version      12.20.20600+2018-05-02 14:59:34+8646aa8
2018-07-06 11:20:49      CPU Target                    x64
2018-07-06 11:20:49      Operating System              Windows 7 Enterprise Service Pack 1 (64 bit edition)
2018-07-06 11:20:49      Wow64 mode                    Not using Wow64
2018-07-06 11:20:49      Language                      0409 English (United States) English
2018-07-06 11:20:49      Country                       1 United States United States
2018-07-06 11:20:49      MDAC Version                  6.1.7601.17514
2018-07-06 11:20:49      MDAC Full Install Version     6.1.7601.17514
2018-07-06 11:20:49      PreferredCompression          2
2018-07-06 11:20:49      EnableParallelReload          1
2018-07-06 11:20:49      ParallelizeQvdLoads           1
2018-07-06 11:20:49      AutoSaveAfterReload           0
2018-07-06 11:20:49      BackupBeforeReload            0
2018-07-06 11:20:49      EnableFlushLog                0
2018-07-06 11:20:49      SaveInfoWhenSavingFile        0
2018-07-06 11:20:49      UserLogfileCharset            65001
2018-07-06 11:20:49      OdbcLoginTimeout              -1
2018-07-06 11:20:49      OdbcConnectionTimeout         -1
2018-07-06 11:20:49      LongestPossibleLine           1048576
2018-07-06 11:20:49      MaxCoreMask                   -1
2018-07-06 11:20:49      ScriptWantsDbWrite            false
2018-07-06 11:20:49      ScriptWantsExe                false
2018-07-06 11:20:49      LogFile CodePage Used:        65001
2018-07-06 11:20:49      UseMemoryFillPattern          1
2018-07-06 11:20:49      ScriptMode                    Legacy (gives greater system access) (aka qv11 mode)
2018-07-06 11:20:49      SequentialThreadCount         16
2018-07-06 11:20:49      NumberOfCores (effective)     4
2018-07-06 11:20:49      ReloadCodebase                Bnf
2018-07-06 11:20:49      Reload Executed By            CAG\t1673mv
2018-07-06 11:20:49      Process Executing             QlikView Desktop
2018-07-06 11:20:49      Process ID                    3820
2018-07-06 11:20:49 0002 SET ThousandSep=','
2018-07-06 11:20:49 0003 SET DecimalSep='.'
2018-07-06 11:20:49 0004 SET MoneyThousandSep=','
2018-07-06 11:20:49 0005 SET MoneyDecimalSep='.'
2018-07-06 11:20:49 0006 SET MoneyFormat='$#,##0.00;($#,##0.00)'
2018-07-06 11:20:49 0007 SET TimeFormat='h:mm:ss TT'
2018-07-06 11:20:49 0008 SET DateFormat='M/D/YYYY'
2018-07-06 11:20:49 0009 SET TimestampFormat='M/D/YYYY h:mm:ss[.fff] TT'
2018-07-06 11:20:49 0010 SET FirstWeekDay=6
2018-07-06 11:20:49 0011 SET BrokenWeeks=1
2018-07-06 11:20:49 0012 SET ReferenceDay=0
2018-07-06 11:20:49 0013 SET FirstMonthOfYear=1
2018-07-06 11:20:49 0014 SET CollationLocale='en-US'
2018-07-06 11:20:49 0015 SET MonthNames='Jan;Feb;Mar;Apr;May;Jun;Jul;Aug;Sep;Oct;Nov;Dec'
2018-07-06 11:20:49 0016 SET LongMonthNames='January;February;March;April;May;June;July;August;September;October;November;December'
2018-07-06 11:20:49 0017 SET DayNames='Mon;Tue;Wed;Thu;Fri;Sat;Sun'
2018-07-06 11:20:49 0018 SET LongDayNames='Monday;Tuesday;Wednesday;Thursday;Friday;Saturday;Sunday'
2018-07-06 11:20:49 0020 order:
2018-07-06 11:20:49 0021 LOAD [Row ID], 
2018-07-06 11:20:49 0022      [Order ID], 
2018-07-06 11:20:49 0023      Date([Order Date],'MM/DD/YYYY') as [Order Date], 
2018-07-06 11:20:49 0024      Date([Ship Date],'MM/DD/YYYY') as [Ship Date], 
2018-07-06 11:20:49 0025      [Order Priority], 
2018-07-06 11:20:49 0026      [Order Quantity], 
2018-07-06 11:20:49 0027      Sales, 
2018-07-06 11:20:49 0028      Discount, 
2018-07-06 11:20:49 0029      [Ship Mode], 
2018-07-06 11:20:49 0030      Profit, 
2018-07-06 11:20:49 0031      [Unit Price], 
2018-07-06 11:20:49 0032      [Shipping Cost], 
2018-07-06 11:20:49 0033      [Customer Name], 
2018-07-06 11:20:49 0034      Province, 
2018-07-06 11:20:49 0035      Region, 
2018-07-06 11:20:49 0036      [Customer Segment], 
2018-07-06 11:20:49 0037      [Product Category], 
2018-07-06 11:20:49 0038      [Product Sub-Category], 
2018-07-06 11:20:49 0039      [Product Name], 
2018-07-06 11:20:49 0040      [Product Container], 
2018-07-06 11:20:49 0041      [Product Base Margin]
2018-07-06 11:20:49 0042 FROM
2018-07-06 11:20:49 0043 [..\QVD\orders.QVD]
2018-07-06 11:20:49 0044 (qvd)
2018-07-06 11:20:50      	21 fields found: Row ID, Order ID, Order Date, Ship Date, Order Priority, Order Quantity, Sales, Discount, Ship Mode, Profit, Unit Price, Shipping Cost, Customer Name, Province, Region, Customer Segment, Product Category, Product Sub-Category, Product Name, Product Container, Product Base Margin, 
2018-07-06 11:20:50      8,399 lines fetched
2018-07-06 11:20:50      Execution finished.
